# JRE version: OpenJDK Runtime Environment (17.0.10) (build 17.0.10+0--11609105)
# Java VM: OpenJDK 64-Bit Server VM (17.0.10+0--11609105, mixed mode, tiered, compressed oops, compressed class ptrs, g1 gc, windows-amd64)
GC Precious Log:
 CPUs: 16 total, 16 available
 Memory: 15720M
 Large Page Support: Disabled
 NUMA Support: Disabled
 Compressed Oops: Enabled (32-bit)
 Heap Region Size: 1M
 Heap Min Capacity: 8M
 Heap Initial Capacity: 246M
 Heap Max Capacity: 2G
 Pre-touch: Disabled
 Parallel Workers: 13
 Concurrent Workers: 3
 Concurrent Refinement Workers: 13
 Periodic GC: Disabled
Heap:
 garbage-first heap   total 240640K, used 141134K [0x0000000080000000, 0x0000000100000000)
  region size 1024K, 14 young (14336K), 6 survivors (6144K)
 Metaspace       used 113355K, committed 114112K, reserved 1179648K
  class space    used 15392K, committed 15744K, reserved 1048576K
GC Heap History (20 events):
Event: 131.442 GC heap before
{Heap before GC invocations=59 (full 0):
 garbage-first heap   total 201728K, used 165715K [0x0000000080000000, 0x0000000100000000)
  region size 1024K, 51 young (52224K), 5 survivors (5120K)
 Metaspace       used 109258K, committed 110080K, reserved 1179648K
  class space    used 14853K, committed 15232K, reserved 1048576K
}
Event: 131.449 GC heap after
{Heap after GC invocations=60 (full 0):
 garbage-first heap   total 201728K, used 121082K [0x0000000080000000, 0x0000000100000000)
  region size 1024K, 4 young (4096K), 4 survivors (4096K)
 Metaspace       used 109258K, committed 110080K, reserved 1179648K
  class space    used 14853K, committed 15232K, reserved 1048576K
}
Event: 133.747 GC heap before
{Heap before GC invocations=61 (full 0):
 garbage-first heap   total 219136K, used 165114K [0x0000000080000000, 0x0000000100000000)
  region size 1024K, 48 young (49152K), 4 survivors (4096K)
 Metaspace       used 109367K, committed 110208K, reserved 1179648K
  class space    used 14866K, committed 15232K, reserved 1048576K
}
Event: 133.756 GC heap after
{Heap after GC invocations=62 (full 0):
 garbage-first heap   total 219136K, used 123116K [0x0000000080000000, 0x0000000100000000)
  region size 1024K, 5 young (5120K), 5 survivors (5120K)
 Metaspace       used 109367K, committed 110208K, reserved 1179648K
  class space    used 14866K, committed 15232K, reserved 1048576K
}
Event: 133.792 GC heap before
{Heap before GC invocations=62 (full 0):
 garbage-first heap   total 219136K, used 127212K [0x0000000080000000, 0x0000000100000000)
  region size 1024K, 10 young (10240K), 5 survivors (5120K)
 Metaspace       used 109368K, committed 110208K, reserved 1179648K
  class space    used 14866K, committed 15232K, reserved 1048576K
}
Event: 133.800 GC heap after
{Heap after GC invocations=63 (full 0):
 garbage-first heap   total 219136K, used 122314K [0x0000000080000000, 0x0000000100000000)
  region size 1024K, 2 young (2048K), 2 survivors (2048K)
 Metaspace       used 109368K, committed 110208K, reserved 1179648K
  class space    used 14866K, committed 15232K, reserved 1048576K
}
Event: 134.333 GC heap before
{Heap before GC invocations=63 (full 0):
 garbage-first heap   total 219136K, used 178634K [0x0000000080000000, 0x0000000100000000)
  region size 1024K, 58 young (59392K), 2 survivors (2048K)
 Metaspace       used 109405K, committed 110208K, reserved 1179648K
  class space    used 14871K, committed 15232K, reserved 1048576K
}
Event: 134.338 GC heap after
{Heap after GC invocations=64 (full 0):
 garbage-first heap   total 219136K, used 124663K [0x0000000080000000, 0x0000000100000000)
  region size 1024K, 4 young (4096K), 4 survivors (4096K)
 Metaspace       used 109405K, committed 110208K, reserved 1179648K
  class space    used 14871K, committed 15232K, reserved 1048576K
}
Event: 135.336 GC heap before
{Heap before GC invocations=64 (full 0):
 garbage-first heap   total 219136K, used 179959K [0x0000000080000000, 0x0000000100000000)
  region size 1024K, 59 young (60416K), 4 survivors (4096K)
 Metaspace       used 109881K, committed 110720K, reserved 1179648K
  class space    used 14951K, committed 15360K, reserved 1048576K
}
Event: 135.342 GC heap after
{Heap after GC invocations=65 (full 0):
 garbage-first heap   total 219136K, used 126249K [0x0000000080000000, 0x0000000100000000)
  region size 1024K, 6 young (6144K), 6 survivors (6144K)
 Metaspace       used 109881K, committed 110720K, reserved 1179648K
  class space    used 14951K, committed 15360K, reserved 1048576K
}
Event: 137.682 GC heap before
{Heap before GC invocations=65 (full 0):
 garbage-first heap   total 219136K, used 180521K [0x0000000080000000, 0x0000000100000000)
  region size 1024K, 60 young (61440K), 6 survivors (6144K)
 Metaspace       used 112843K, committed 113664K, reserved 1179648K
  class space    used 15305K, committed 15680K, reserved 1048576K
}
Event: 137.692 GC heap after
{Heap after GC invocations=66 (full 0):
 garbage-first heap   total 219136K, used 130559K [0x0000000080000000, 0x0000000100000000)
  region size 1024K, 8 young (8192K), 8 survivors (8192K)
 Metaspace       used 112843K, committed 113664K, reserved 1179648K
  class space    used 15305K, committed 15680K, reserved 1048576K
}
Event: 138.215 GC heap before
{Heap before GC invocations=67 (full 0):
 garbage-first heap   total 240640K, used 178687K [0x0000000080000000, 0x0000000100000000)
  region size 1024K, 56 young (57344K), 8 survivors (8192K)
 Metaspace       used 113142K, committed 113984K, reserved 1179648K
  class space    used 15364K, committed 15744K, reserved 1048576K
}
Event: 138.225 GC heap after
{Heap after GC invocations=68 (full 0):
 garbage-first heap   total 240640K, used 132001K [0x0000000080000000, 0x0000000100000000)
  region size 1024K, 4 young (4096K), 4 survivors (4096K)
 Metaspace       used 113142K, committed 113984K, reserved 1179648K
  class space    used 15364K, committed 15744K, reserved 1048576K
}
Event: 138.282 GC heap before
{Heap before GC invocations=68 (full 0):
 garbage-first heap   total 240640K, used 138145K [0x0000000080000000, 0x0000000100000000)
  region size 1024K, 11 young (11264K), 4 survivors (4096K)
 Metaspace       used 113142K, committed 113984K, reserved 1179648K
  class space    used 15364K, committed 15744K, reserved 1048576K
}
Event: 138.288 GC heap after
{Heap after GC invocations=69 (full 0):
 garbage-first heap   total 240640K, used 131137K [0x0000000080000000, 0x0000000100000000)
  region size 1024K, 2 young (2048K), 2 survivors (2048K)
 Metaspace       used 113142K, committed 113984K, reserved 1179648K
  class space    used 15364K, committed 15744K, reserved 1048576K
}
Event: 139.012 GC heap before
{Heap before GC invocations=69 (full 0):
 garbage-first heap   total 240640K, used 197697K [0x0000000080000000, 0x0000000100000000)
  region size 1024K, 68 young (69632K), 2 survivors (2048K)
 Metaspace       used 113293K, committed 114112K, reserved 1179648K
  class space    used 15389K, committed 15744K, reserved 1048576K
}
Event: 139.021 GC heap after
{Heap after GC invocations=70 (full 0):
 garbage-first heap   total 240640K, used 133608K [0x0000000080000000, 0x0000000100000000)
  region size 1024K, 5 young (5120K), 5 survivors (5120K)
 Metaspace       used 113293K, committed 114112K, reserved 1179648K
  class space    used 15389K, committed 15744K, reserved 1048576K
}
Event: 139.776 GC heap before
{Heap before GC invocations=70 (full 0):
 garbage-first heap   total 240640K, used 199144K [0x0000000080000000, 0x0000000100000000)
  region size 1024K, 70 young (71680K), 5 survivors (5120K)
 Metaspace       used 113322K, committed 114112K, reserved 1179648K
  class space    used 15390K, committed 15744K, reserved 1048576K
}
Event: 139.818 GC heap after
{Heap after GC invocations=71 (full 0):
 garbage-first heap   total 240640K, used 134990K [0x0000000080000000, 0x0000000100000000)
  region size 1024K, 6 young (6144K), 6 survivors (6144K)
 Metaspace       used 113322K, committed 114112K, reserved 1179648K
  class space    used 15390K, committed 15744K, reserved 1048576K
}

